ERROR:  authentication failed: The authtoken you specified does not look like a proper ngrok authtoken.
ERROR:  Your authtoken: 3CXdilSN5UzlG3MuFdoj0YOUJxv_PFfcoRoj-LqxofHLvWZ1g
ERROR:  Instructions to install your authtoken are on your ngrok dashboard:
ERROR:  https://dashboard.ngrok.com/get-started/your-authtoken
ERROR:  
ERROR:  ERR_NGROK_105
ERROR:  https://ngrok.com/docs/errors/err_ngrok_105
ERROR:  
ERROR:  failed to start tunnel: session closed
ERROR:  failed to start tunnel: session closed
ERROR:  failed to start tunnel: session closed
ERROR:  authentication failed: The authtoken you specified is properly formed, but it is invalid.
ERROR:  Your authtoken: 3CXdiISN5UzlG3MuFdoj0YOUJxv_PFfcoRojLqxofHLvWZ1g
ERROR:  This usually happens when:
ERROR:      - You reset your authtoken
ERROR:      - Your authtoken was for a team account that you were removed from
ERROR:      - You are using ngrok link and this credential was explicitly revoked
ERROR:  Go to your ngrok dashboard and double check that your authtoken is correct:
ERROR:  https://dashboard.ngrok.com/get-started/your-authtoken
ERROR:  
ERROR:  ERR_NGROK_107
ERROR:  https://ngrok.com/docs/errors/err_ngrok_107
ERROR:  
ERROR:  authentication failed: The authtoken you specified is properly formed, but it is invalid.
ERROR:  Your authtoken: 3CXdiISN5UzlG3MuFdoj0YOUJxv_PFfcoRojLqxofHLvWZ1g
ERROR:  This usually happens when:
ERROR:      - You reset your authtoken
ERROR:      - Your authtoken was for a team account that you were removed from
ERROR:      - You are using ngrok link and this credential was explicitly revoked
ERROR:  Go to your ngrok dashboard and double check that your authtoken is correct:
ERROR:  https://dashboard.ngrok.com/get-started/your-authtoken
ERROR:  
ERROR:  ERR_NGROK_107
ERROR:  https://ngrok.com/docs/errors/err_ngrok_107
ERROR:  
ERROR:  authentication failed: The authtoken you specified is properly formed, but it is invalid.
ERROR:  Your authtoken: 3CXdiISN5UzlG3MuFdoj0YOUJxv_PFfcoRojLqxofHLvWZ1g
ERROR:  This usually happens when:
ERROR:      - You reset your authtoken
ERROR:      - Your authtoken was for a team account that you were removed from
ERROR:      - You are using ngrok link and this credential was explicitly revoked
ERROR:  Go to your ngrok dashboard and double check that your authtoken is correct:
ERROR:  https://dashboard.ngrok.com/get-started/your-authtoken
ERROR:  
ERROR:  ERR_NGROK_107
ERROR:  https://ngrok.com/docs/errors/err_ngrok_107
ERROR:  
ERROR:  failed to start tunnel: session closed
